<beans xmlns="http://www.springframework.org/schema/beans"
	xmlns:xsi="http://www.w3.org/2001/XMLSchema-instance"
	xmlns:p="http://www.springframework.org/schema/p"
	xsi:schemaLocation="http://www.springframework.org/schema/beans http://www.springframework.org/schema/beans/spring-beans.xsd">

	<bean id="annotatorSubprocessor" class="org.dataone.cn.indexer.annotation.AnnotatorSubprocessor">

		<!-- match annotation documents -->
		<property name="matchDocuments">
			<list>
				<value>http://docs.annotatorjs.org/en/v1.2.x/annotation-format.html</value>
			</list>
		</property>
		<property name="fieldsToMerge">
     		<list>
     			<value>sem_annotation</value>
     			<value>sem_annotates</value>
     			<value>sem_annotated_by</value>
     		</list>
     	</property>
	</bean>

	<bean id="annotation1304Sys" class="org.springframework.core.io.ClassPathResource" >
        <constructor-arg type="java.lang.String"
        value="org/dataone/cn/index/resources/d1_testdocs/annotation/annotation.130.4.xml"/>
    </bean>

    <bean id="annotation1304" class="org.springframework.core.io.ClassPathResource" >
        <constructor-arg type="java.lang.String"
        value="org/dataone/cn/index/resources/d1_testdocs/annotation/annotation.130.4.json"/>
    </bean>

</beans>