<?xml version="1.0" encoding="UTF-8"?>
<beans xmlns="http://www.springframework.org/schema/beans" 
xmlns:xsi="http://www.w3.org/2001/XMLSchema-instance"
xmlns:context="http://www.springframework.org/schema/context"
	xsi:schemaLocation="http://www.springframework.org/schema/beans 
	http://www.springframework.org/schema/beans/spring-beans.xsd 
	http://www.springframework.org/schema/context  
   		http://www.springframework.org/schema/context/spring-context-3.0.xsd">

    <context:property-placeholder location="classpath:org/dataone/configuration/jdbc.properties, classpath:org/dataone/configuration/solr.properties"/>

    <import resource="classpath:index-processor-context.xml"/>
    
    <bean id="indexTaskGenerator" class="org.dataone.cn.index.generator.IndexTaskGenerator" />
    	
	<import resource="classpath:application-context-eml-base.xml" />
 	<import resource="classpath:application-context-eml200.xml" />
 	<import resource="classpath:application-context-eml201.xml" />
 	<import resource="classpath:application-context-eml210.xml" />
 	<import resource="classpath:application-context-eml211.xml" />
 	<import resource="classpath:application-context-resourcemap.xml" />
 	<import resource="classpath:application-context-systemmeta100.xml" />
 	
    
    <!-- 
    This import overrides default postgres datasource for testing.
    	 To test with postgres, comment out the following import 
	-->
	<import resource="classpath:org/dataone/configuration/hsql-datasource.xml" />
	
	<bean id="peggym1271Sys" class="org.springframework.core.io.ClassPathResource" >
        <constructor-arg type="java.lang.String" 
        value="org/dataone/cn/index/resources/d1_testdocs/eml210/SystemMetadata/peggym.127.1"/>
    </bean>
	<bean id="peggym1271SysArchived" class="org.springframework.core.io.ClassPathResource" >
        <constructor-arg type="java.lang.String" 
        value="org/dataone/cn/index/resources/d1_testdocs/eml210/SystemMetadata/peggym.127.1-archived"/>
    </bean>    
	<bean id="peggym1281Sys" class="org.springframework.core.io.ClassPathResource" >
        <constructor-arg type="java.lang.String" 
        value="org/dataone/cn/index/resources/d1_testdocs/eml210/SystemMetadata/peggym.128.1"/>
    </bean>
	<bean id="peggym1291Sys" class="org.springframework.core.io.ClassPathResource" >
        <constructor-arg type="java.lang.String" 
        value="org/dataone/cn/index/resources/d1_testdocs/eml210/SystemMetadata/peggym.129.1"/>
    </bean>
	<bean id="peggym1304Sys" class="org.springframework.core.io.ClassPathResource" >
        <constructor-arg type="java.lang.String" 
        value="org/dataone/cn/index/resources/d1_testdocs/eml210/SystemMetadata/peggym.130.4"/>
    </bean>
    	<bean id="peggym1304SysArchived" class="org.springframework.core.io.ClassPathResource" >
        <constructor-arg type="java.lang.String" 
        value="org/dataone/cn/index/resources/d1_testdocs/eml210/SystemMetadata/peggym.130.4-archived"/>
    </bean>
	<bean id="peggym1304Sci" class="org.springframework.core.io.ClassPathResource" >
        <constructor-arg type="java.lang.String" 
        value="org/dataone/cn/index/resources/d1_testdocs/eml210/peggym.130.4"/>
    </bean>
    <bean id="peggymResourcemapSys" class="org.springframework.core.io.ClassPathResource" >
         <constructor-arg type="java.lang.String" 
        value="org/dataone/cn/index/resources/d1_testdocs/eml210/SystemMetadata/peggym.resourcemap"/>   	
    </bean>
    <bean id="peggymResourcemapSysArchived" class="org.springframework.core.io.ClassPathResource" >
         <constructor-arg type="java.lang.String" 
        value="org/dataone/cn/index/resources/d1_testdocs/eml210/SystemMetadata/peggym.resourcemap-archived"/>   	
    </bean>	
	
	<bean id="systemMetadataResource5" class="org.springframework.core.io.ClassPathResource" >
        <constructor-arg type="java.lang.String" 
        value="org/dataone/cn/index/resources/d1_testdocs/eml210/SystemMetadata/peggym.resourcemap"/>
    </bean>
    
    <bean id="illegalXmlCharSysMetaData" class="org.springframework.core.io.ClassPathResource">
    	<constructor-arg type="java.lang.String"
    	value="org/dataone/cn/index/resources/d1_testdocs/IllegalXmlChar.xml"/>
    </bean>
</beans>