<?xml version="1.0" encoding="UTF-8"?>
<beans xmlns="http://www.springframework.org/schema/beans" xmlns:xsi="http://www.w3.org/2001/XMLSchema-instance"
	xsi:schemaLocation="http://www.springframework.org/schema/beans http://www.springframework.org/schema/beans/spring-beans.xsd">

    <import resource="classpath:application-context.xml"/>
    
    <!-- 
    This import overrides default postgres datasource for testing.
    	 To test with postgres, comment out the following import 
	-->
	<import resource="classpath:hsql-datasource.xml" />
</beans>