<?xml version="1.0" encoding="UTF-8"?>
<beans xmlns="http://www.springframework.org/schema/beans" 
xmlns:xsi="http://www.w3.org/2001/XMLSchema-instance"
xmlns:context="http://www.springframework.org/schema/context"
	xsi:schemaLocation="http://www.springframework.org/schema/beans 
	http://www.springframework.org/schema/beans/spring-beans.xsd 
	http://www.springframework.org/schema/context  
   		http://www.springframework.org/schema/context/spring-context-3.0.xsd">

    <context:property-placeholder location="classpath:org/dataone/configuration/jdbc.properties, classpath:org/dataone/configuration/solr.properties"/>

    <import resource="classpath:index-processor-context.xml"/>
    
    <bean id="indexTaskGenerator" class="org.dataone.cn.index.generator.IndexTaskGenerator" />
    	
	<import resource="classpath:application-context-eml-base.xml" />
 	<import resource="classpath:application-context-eml200.xml" />
 	<import resource="classpath:application-context-eml201.xml" />
 	<import resource="classpath:application-context-eml210.xml" />
 	<import resource="classpath:application-context-eml211.xml" />
 	<import resource="classpath:application-context-resourcemap.xml" />
 	<import resource="classpath:application-context-systemmeta100.xml" />
 	
 	<import resource="classpath:application-context-fgdc-base.xml" />
 	<import resource="classpath:application-context-fgdc-std-001-1998.xml" />
 	<import resource="classpath:application-context-fgdc-std-0011-1999.xml" />
 	<import resource="classpath:application-context-fgdc-std-0012-1999.xml" />
 	<import resource="classpath:application-context-fgdc-esri-csdg-80.xml" />
 	<import resource="classpath:application-context-ornl-mercury10.xml" />
 
 	<import resource="classpath:application-context-dryad-base.xml" />
 	<import resource="classpath:application-context-dryad30.xml" />
 	<import resource="classpath:application-context-dryad31.xml" />
    
    <import resource="classpath:application-context-dc-base.xml" />
    <import resource="classpath:application-context-qdc.xml" />
    <!-- 
    This import overrides default postgres datasource for testing.
    	 To test with postgres, comment out the following import 
	-->
	<import resource="classpath:org/dataone/configuration/hsql-datasource.xml" />
	
	<bean id="peggym1271Sys" class="org.springframework.core.io.ClassPathResource" >
        <constructor-arg type="java.lang.String" 
        value="org/dataone/cn/index/resources/d1_testdocs/eml210/SystemMetadata/peggym.127.1"/>
    </bean>
	<bean id="peggym1271SysArchived" class="org.springframework.core.io.ClassPathResource" >
        <constructor-arg type="java.lang.String" 
        value="org/dataone/cn/index/resources/d1_testdocs/eml210/SystemMetadata/peggym.127.1-archived"/>
    </bean>    
	<bean id="peggym1281Sys" class="org.springframework.core.io.ClassPathResource" >
        <constructor-arg type="java.lang.String" 
        value="org/dataone/cn/index/resources/d1_testdocs/eml210/SystemMetadata/peggym.128.1"/>
    </bean>
	<bean id="peggym1291Sys" class="org.springframework.core.io.ClassPathResource" >
        <constructor-arg type="java.lang.String" 
        value="org/dataone/cn/index/resources/d1_testdocs/eml210/SystemMetadata/peggym.129.1"/>
    </bean>
	<bean id="peggym1304Sys" class="org.springframework.core.io.ClassPathResource" >
        <constructor-arg type="java.lang.String" 
        value="org/dataone/cn/index/resources/d1_testdocs/eml210/SystemMetadata/peggym.130.4"/>
    </bean>
    	<bean id="peggym1304SysArchived" class="org.springframework.core.io.ClassPathResource" >
        <constructor-arg type="java.lang.String" 
        value="org/dataone/cn/index/resources/d1_testdocs/eml210/SystemMetadata/peggym.130.4-archived"/>
    </bean>
	<bean id="peggym1304Sci" class="org.springframework.core.io.ClassPathResource" >
        <constructor-arg type="java.lang.String" 
        value="org/dataone/cn/index/resources/d1_testdocs/eml210/peggym.130.4"/>
    </bean>
    <bean id="peggymResourcemapSys" class="org.springframework.core.io.ClassPathResource" >
         <constructor-arg type="java.lang.String" 
        value="org/dataone/cn/index/resources/d1_testdocs/eml210/SystemMetadata/peggym.resourcemap"/>   	
    </bean>
    <bean id="peggymResourcemap2Sys" class="org.springframework.core.io.ClassPathResource" >
         <constructor-arg type="java.lang.String" 
        value="org/dataone/cn/index/resources/d1_testdocs/eml210/SystemMetadata/peggym.resourcemap2"/>   	
    </bean>
    <bean id="peggymResourcemapSysArchived" class="org.springframework.core.io.ClassPathResource" >
         <constructor-arg type="java.lang.String" 
        value="org/dataone/cn/index/resources/d1_testdocs/eml210/SystemMetadata/peggym.resourcemap-archived"/>   	
    </bean>	
    <bean id="peggymResourcemap2SysArchived" class="org.springframework.core.io.ClassPathResource" >
         <constructor-arg type="java.lang.String" 
        value="org/dataone/cn/index/resources/d1_testdocs/eml210/SystemMetadata/peggym.resourcemap2-archived"/>      
    </bean> 
	
	<bean id="systemMetadataResource5" class="org.springframework.core.io.ClassPathResource" >
        <constructor-arg type="java.lang.String" 
        value="org/dataone/cn/index/resources/d1_testdocs/eml210/SystemMetadata/peggym.resourcemap"/>
    </bean>
    
    <bean id="commonBMPCharSetExample" class="org.springframework.core.io.ClassPathResource">
    	<constructor-arg type="java.lang.String"
    	value="org/dataone/cn/index/resources/d1_testdocs/CommonBMPCharSetExample.xml"/>
    </bean>
    
    <bean id="fdgc01111999SciMeta" class="org.springframework.core.io.ClassPathResource">
        <constructor-arg type="java.lang.String" 
        value="org/dataone/cn/index/resources/d1_testdocs/fgdc/csiro_d_abayadultprawns.xml"/>
    </bean>
    
    <bean id="fdgc01111999SysMeta" class="org.springframework.core.io.ClassPathResource">
        <constructor-arg type="java.lang.String" 
        value="org/dataone/cn/index/resources/d1_testdocs/fgdc/csiro_d_abayadultprawnsSysmeta.xml"/>
    </bean>
    
     <bean id="fgdcNasaSciMeta" class="org.springframework.core.io.ClassPathResource">
        <constructor-arg type="java.lang.String" 
        value="org/dataone/cn/index/resources/d1_testdocs/fgdc/nasa_d_FEDGPS1293.xml"/>
    </bean>
    
    <bean id="fgdcNasaSysMeta" class="org.springframework.core.io.ClassPathResource">
        <constructor-arg type="java.lang.String" 
        value="org/dataone/cn/index/resources/d1_testdocs/fgdc/nasa_d_FEDGPS1293Sysmeta.xml"/>
    </bean>
    
	<bean id="fgdcEsriSysMeta" class="org.springframework.core.io.ClassPathResource">
        <constructor-arg type="java.lang.String" 
        value="org/dataone/cn/index/resources/d1_testdocs/fgdc/nikkis1801FgdcEsri-SystemMetadata.xml"/>
    </bean>
    
    <bean id="fgdcEsriSciMeta" class="org.springframework.core.io.ClassPathResource">
        <constructor-arg type="java.lang.String" 
        value="org/dataone/cn/index/resources/d1_testdocs/fgdc/nikkis1801FgdcEsri.xml"/>
    </bean>
    
     <bean id="dryadDataPackage1" class="org.springframework.core.io.ClassPathResource">
        <constructor-arg type="java.lang.String" 
        value="org/dataone/cn/index/resources/d1_testdocs/dryad/DryadDataPackage-m4h77.xml"/>
    </bean>
    <bean id="dryadDataPackage1SysMeta" class="org.springframework.core.io.ClassPathResource">
        <constructor-arg type="java.lang.String" 
        value="org/dataone/cn/index/resources/d1_testdocs/dryad/SystemMetadata-m4h77.xml"/>
    </bean>    

     <bean id="dryadDataFile1" class="org.springframework.core.io.ClassPathResource">
        <constructor-arg type="java.lang.String" 
        value="org/dataone/cn/index/resources/d1_testdocs/dryad/DryadDataFile-m4h771.xml"/>
    </bean>
    <bean id="dryadDataFile1SysMeta" class="org.springframework.core.io.ClassPathResource">
        <constructor-arg type="java.lang.String" 
        value="org/dataone/cn/index/resources/d1_testdocs/dryad/SystemMetadata-m4h771.xml"/>
    </bean> 
    
	<bean id="emlRefSciMeta" class="org.springframework.core.io.ClassPathResource">
        <constructor-arg type="java.lang.String" 
        value="org/dataone/cn/index/resources/d1_testdocs/eml210/df35c.9.14"/>
    </bean>
    
	<bean id="tao129301" class="org.springframework.core.io.ClassPathResource" >
        <constructor-arg type="java.lang.String" 
        value="org/dataone/cn/index/resources/d1_testdocs/eml210/tao.12930.1"/>
    </bean>
    <bean id="tao129301Sys" class="org.springframework.core.io.ClassPathResource" >
        <constructor-arg type="java.lang.String" 
        value="org/dataone/cn/index/resources/d1_testdocs/eml210/SystemMetadata/tao.12930.1"/>
    </bean>
    
    <bean id="qdc_ipumsi_6_3_pt_1981_SysMeta" class="org.springframework.core.io.ClassPathResource" >
        <constructor-arg type="java.lang.String" 
        value="org/dataone/cn/index/resources/d1_testdocs/qdc/SystemMetadata-ipumsi_6-3_pt_1981.dc.xml"/>
    </bean>
    
  	<bean id="qdc_ipumsi_6_3_pt_1981_SciMeta" class="org.springframework.core.io.ClassPathResource" >
        <constructor-arg type="java.lang.String" 
        value="org/dataone/cn/index/resources/d1_testdocs/qdc/ipumsi_6-3_pt_1981.dc.xml"/>
    </bean>
    
   	<bean id="ornl_mercury_science_metadata" class="org.springframework.core.io.ClassPathResource" >
        <constructor-arg type="java.lang.String" 
        value="org/dataone/cn/index/resources/d1_testdocs/fgdc/ornl-mercury-science-metadata.xml"/>
    </bean>
    
  	<bean id="ornl_mercury_system_metadata" class="org.springframework.core.io.ClassPathResource" >
        <constructor-arg type="java.lang.String" 
        value="org/dataone/cn/index/resources/d1_testdocs/fgdc/ornl-mercury-system-metadata.xml"/>
    </bean>
    
</beans>